<?xml version="1.0" encoding="UTF-8"?>
<testng-results ignored="0" total="1" passed="1" failed="0" skipped="0">
  <reporter-output>
  </reporter-output>
  <suite started-at="2025-02-12T22:05:07 GMT" name="portal" finished-at="2025-02-12T22:05:14 GMT" duration-ms="6708">
    <groups>
    </groups>
    <test started-at="2025-02-12T22:05:07 GMT" name="LoginTest" finished-at="2025-02-12T22:05:14 GMT" duration-ms="6708">
      <class name="org.example.test.LoginTest">
        <test-method is-config="true" signature="init()[pri:0, instance:org.example.test.LoginTest@4f209819]" started-at="2025-02-12T22:05:07 GMT" name="init" finished-at="2025-02-12T22:05:10 GMT" duration-ms="3217" status="PASS">
          <reporter-output>
          </reporter-output>
        </test-method> <!-- init -->
        <test-method signature="login()[pri:0, instance:org.example.test.LoginTest@4f209819]" started-at="2025-02-12T22:05:10 GMT" name="login" description="login flow check" finished-at="2025-02-12T22:05:13 GMT" duration-ms="3290" status="PASS">
          <reporter-output>
          </reporter-output>
        </test-method> <!-- login -->
        <test-method is-config="true" signature="tearDown()[pri:0, instance:org.example.test.LoginTest@4f209819]" started-at="2025-02-12T22:05:13 GMT" name="tearDown" finished-at="2025-02-12T22:05:14 GMT" duration-ms="163" status="PASS">
          <reporter-output>
          </reporter-output>
        </test-method> <!-- tearDown -->
      </class> <!-- org.example.test.LoginTest -->
    </test> <!-- LoginTest -->
  </suite> <!-- portal -->
</testng-results>
